<?xml version="1.0" encoding="UTF-8"?>
<!-- Generated by org.testng.reporters.JUnitXMLReporter -->
<testsuite ignored="2" hostname="DESKTOP-T06S0P0" failures="5" tests="9" name="Test" time="17.762" errors="0" timestamp="2022-07-07T01:39:42 IST">
  <testcase classname="com.qa.opencart.Tests.HomepageTest1" name="homePageTitleTest" time="0.016">
    <failure type="java.lang.AssertionError" message="expected [Your Store] but found [Account Login]">
      <![CDATA[java.lang.AssertionError: expected [Your Store] but found [Account Login]
at com.qa.opencart.Tests.HomepageTest1.homePageTitleTest(HomepageTest1.java:18)
at java.base/java.util.ArrayList.forEach(ArrayList.java:1511)
at java.base/java.util.concurrent.FutureTask.run(FutureTask.java:264)
at java.base/java.util.concurrent.ThreadPoolExecutor.runWorker(ThreadPoolExecutor.java:1136)
at java.base/java.util.concurrent.ThreadPoolExecutor$Worker.run(ThreadPoolExecutor.java:635)
at java.base/java.lang.Thread.run(Thread.java:833)
... Removed 24 stack frames]]>
    </failure>
  </testcase> <!-- homePageTitleTest -->
  <testcase classname="com.qa.opencart.Tests.HomepageTest1" name="homePageUrlTest" time="0.003">
    <failure type="java.lang.AssertionError" message="expected [https://naveenautomationlabs.com/opencart/] but found [https://naveenautomationlabs.com/opencart/index.php?route=account/login]">
      <![CDATA[java.lang.AssertionError: expected [https://naveenautomationlabs.com/opencart/] but found [https://naveenautomationlabs.com/opencart/index.php?route=account/login]
at com.qa.opencart.Tests.HomepageTest1.homePageUrlTest(HomepageTest1.java:25)
at java.base/java.util.ArrayList.forEach(ArrayList.java:1511)
at java.base/java.util.concurrent.FutureTask.run(FutureTask.java:264)
at java.base/java.util.concurrent.ThreadPoolExecutor.runWorker(ThreadPoolExecutor.java:1136)
at java.base/java.util.concurrent.ThreadPoolExecutor$Worker.run(ThreadPoolExecutor.java:635)
at java.base/java.lang.Thread.run(Thread.java:833)
... Removed 24 stack frames]]>
    </failure>
  </testcase> <!-- homePageUrlTest -->
  <testcase classname="com.qa.opencart.Tests.HomepageTest1" name="searchTest" time="0.6"/>
  <testcase classname="com.qa.opencart.Tests.HomepageTest1" name="searchTest" time="0.55"/>
  <testcase classname="com.qa.opencart.Tests.HomepageTest1" name="searchTest" time="0.442"/>
  <testcase classname="com.qa.opencart.Tests.LoginPageTest" name="loginPageNavigationTest" time="0.002">
    <failure type="java.lang.NullPointerException" message="Cannot invoke &amp;quot;com.qa.opencart.pages.HomePage.navigateToLoginPage()&amp;quot; because &amp;quot;this.homepage&amp;quot; is null">
      <![CDATA[java.lang.NullPointerException: Cannot invoke "com.qa.opencart.pages.HomePage.navigateToLoginPage()" because "this.homepage" is null
at com.qa.opencart.Tests.LoginPageTest.loginPageNavigationTest(LoginPageTest.java:13)
at java.base/java.util.ArrayList.forEach(ArrayList.java:1511)
at java.base/java.util.concurrent.FutureTask.run(FutureTask.java:264)
at java.base/java.util.concurrent.ThreadPoolExecutor.runWorker(ThreadPoolExecutor.java:1136)
at java.base/java.util.concurrent.ThreadPoolExecutor$Worker.run(ThreadPoolExecutor.java:635)
at java.base/java.lang.Thread.run(Thread.java:833)
... Removed 18 stack frames]]>
    </failure>
  </testcase> <!-- loginPageNavigationTest -->
  <testcase classname="com.qa.opencart.Tests.LoginPageTest" name="forgotPSWLinkExists" time="0.004">
    <failure type="java.lang.NullPointerException" message="Cannot invoke &amp;quot;com.qa.opencart.pages.LoginPage.isForgotPWDLinkExist()&amp;quot; because &amp;quot;this.loginpage&amp;quot; is null">
      <![CDATA[java.lang.NullPointerException: Cannot invoke "com.qa.opencart.pages.LoginPage.isForgotPWDLinkExist()" because "this.loginpage" is null
at com.qa.opencart.Tests.LoginPageTest.forgotPSWLinkExists(LoginPageTest.java:22)
at java.base/java.util.ArrayList.forEach(ArrayList.java:1511)
at java.base/java.util.concurrent.FutureTask.run(FutureTask.java:264)
at java.base/java.util.concurrent.ThreadPoolExecutor.runWorker(ThreadPoolExecutor.java:1136)
at java.base/java.util.concurrent.ThreadPoolExecutor$Worker.run(ThreadPoolExecutor.java:635)
at java.base/java.lang.Thread.run(Thread.java:833)
... Removed 18 stack frames]]>
    </failure>
  </testcase> <!-- forgotPSWLinkExists -->
  <testcase classname="com.qa.opencart.Tests.LoginPageTest" name="apploginTest" time="0.004">
    <failure type="java.lang.NullPointerException" message="Cannot invoke &amp;quot;java.util.Properties.getProperty(String)&amp;quot; because &amp;quot;this.prop&amp;quot; is null">
      <![CDATA[java.lang.NullPointerException: Cannot invoke "java.util.Properties.getProperty(String)" because "this.prop" is null
at com.qa.opencart.Tests.LoginPageTest.apploginTest(LoginPageTest.java:29)
at java.base/java.util.ArrayList.forEach(ArrayList.java:1511)
at java.base/java.util.concurrent.FutureTask.run(FutureTask.java:264)
at java.base/java.util.concurrent.ThreadPoolExecutor.runWorker(ThreadPoolExecutor.java:1136)
at java.base/java.util.concurrent.ThreadPoolExecutor$Worker.run(ThreadPoolExecutor.java:635)
at java.base/java.lang.Thread.run(Thread.java:833)
... Removed 18 stack frames]]>
    </failure>
  </testcase> <!-- apploginTest -->
  <testcase classname="com.qa.opencart.Tests.HomepageTest1" name="searchTest" time="0.547"/>
  <testcase classname="com.qa.opencart.base.BaseTest" name="@AfterTest teardown" time="0.0">
    <ignored/>
  </testcase> <!-- @AfterTest teardown -->
  <testcase classname="com.qa.opencart.base.BaseTest" name="@BeforeTest setup" time="0.0">
    <ignored/>
  </testcase> <!-- @BeforeTest setup -->
</testsuite> <!-- Test -->
